Using pre-set license
Built from '2020.3/staging' branch; Version is '2020.3.33f1 (915a7af8b0d5) revision 9525882'; Using compiler version '192528614'; Build Type 'Release'
OS: 'Windows 10  (10.0.19044) 64bit CoreSingleLanguage' Language: 'en' Physical Memory: 16205 MB
BatchMode: 1, IsHumanControllingUs: 0, StartBugReporterOnCrash: 0, Is64bit: 1, IsPro: 0

COMMAND LINE ARGUMENTS:
C:\Program Files\Unity\editor path\2020.3.33f1\Editor\Unity.exe
-adb2
-batchMode
-noUpm
-name
AssetImportWorker0
-projectPath
C:/CapstoneUnity/XRI_draft_1
-logFile
Logs/AssetImportWorker0.log
-srvPort
50338
Successfully changed project path to: C:/CapstoneUnity/XRI_draft_1
C:/CapstoneUnity/XRI_draft_1
Using Asset Import Pipeline V2.
Refreshing native plugins compatible for Editor in 70.64 ms, found 10 plugins.
Preloading 1 native plugins for Editor in 0.70 ms.
Initialize engine version: 2020.3.33f1 (915a7af8b0d5)
[Subsystems] Discovering subsystems at path C:/Program Files/Unity/editor path/2020.3.33f1/Editor/Data/Resources/UnitySubsystems
[Subsystems] Discovering subsystems at path C:/CapstoneUnity/XRI_draft_1/Assets
GfxDevice: creating device client; threaded=0
Direct3D:
    Version:  Direct3D 11.0 [level 11.1]
    Renderer: NVIDIA GeForce RTX 3060 Laptop GPU (ID=0x2520)
    Vendor:   
    VRAM:     6023 MB
    Driver:   30.0.15.1215
Initialize mono
Mono path[0] = 'C:/Program Files/Unity/editor path/2020.3.33f1/Editor/Data/Managed'
Mono path[1] = 'C:/Program Files/Unity/editor path/2020.3.33f1/Editor/Data/MonoBleedingEdge/lib/mono/unityjit'
Mono config path = 'C:/Program Files/Unity/editor path/2020.3.33f1/Editor/Data/MonoBleedingEdge/etc'
Using monoOptions --debugger-agent=transport=dt_socket,embedding=1,server=y,suspend=n,address=127.0.0.1:56956
Begin MonoManager ReloadAssembly
Registering precompiled unity dll's ...
Register platform support module: C:/Program Files/Unity/editor path/2020.3.33f1/Editor/Data/PlaybackEngines/WindowsStandaloneSupport/UnityEditor.WindowsStandalone.Extensions.dll
Registered in 0.001789 seconds.
Native extension for WindowsStandalone target not found
Refreshing native plugins compatible for Editor in 61.83 ms, found 10 plugins.
Preloading 1 native plugins for Editor in 0.09 ms.
Mono: successfully reloaded assembly
- Completed reload, in  0.538 seconds
Domain Reload Profiling:
	ReloadAssembly (539ms)
		BeginReloadAssembly (54ms)
			ExecutionOrderSort (0ms)
			DisableScriptedObjects (0ms)
			BackupInstance (0ms)
			ReleaseScriptingObjects (0ms)
			CreateAndSetChildDomain (1ms)
		EndReloadAssembly (423ms)
			LoadAssemblies (52ms)
			RebuildTransferFunctionScriptingTraits (0ms)
			SetupTypeCache (125ms)
			ReleaseScriptCaches (0ms)
			RebuildScriptCaches (26ms)
			SetupLoadedEditorAssemblies (180ms)
				LogAssemblyErrors (0ms)
				InitializePlatformSupportModulesInManaged (3ms)
				SetLoadedEditorAssemblies (0ms)
				RefreshPlugins (62ms)
				BeforeProcessingInitializeOnLoad (14ms)
				ProcessInitializeOnLoadAttributes (76ms)
				ProcessInitializeOnLoadMethodAttributes (24ms)
				AfterProcessingInitializeOnLoad (0ms)
				EditorAssembliesLoaded (0ms)
			ExecutionOrderSort2 (0ms)
			AwakeInstancesAfterBackupRestoration (0ms)
Platform modules already initialized, skipping
Registering precompiled user dll's ...
Registered in 0.013002 seconds.
Begin MonoManager ReloadAssembly
Symbol file LoadedFromMemory doesn't match image C:\CapstoneUnity\XRI_draft_1\Library\PackageCache\com.unity.collab-proxy@1.15.15\Lib\Editor\PlasticSCM\unityplastic.dll
Native extension for WindowsStandalone target not found
Refreshing native plugins compatible for Editor in 80.69 ms, found 10 plugins.
Preloading 1 native plugins for Editor in 0.11 ms.
[XR] OculusXRPlugin: registering subsystems
[XR] Unable to register display lifecyle provider: [1]
[XR] Oculus Input lifecycle provider registered.
[XR] Unable to register input lifecyle provider: [1]
System.Reflection.TargetInvocationException: Exception has been thrown by the target of an invocation. ---> System.NullReferenceException: Object reference not set to an instance of an object
  at Unity.XR.Oculus.OculusLoader.AssetPathToAbsolutePath (System.String assetPath) [0x00048] in C:\CapstoneUnity\XRI_draft_1\Library\PackageCache\com.unity.xr.oculus@1.12.0\Runtime\OculusLoader.cs:251 
  at Unity.XR.Oculus.OculusLoader.EditorLoadOVRPlugin () [0x0007b] in C:\CapstoneUnity\XRI_draft_1\Library\PackageCache\com.unity.xr.oculus@1.12.0\Runtime\OculusLoader.cs:236 
  at (wrapper managed-to-native) System.Reflection.MonoMethod.InternalInvoke(System.Reflection.MonoMethod,object,object[],System.Exception&)
  at System.Reflection.MonoMethod.Invoke (System.Object obj, System.Reflection.BindingFlags invokeAttr, System.Reflection.Binder binder, System.Object[] parameters, System.Globalization.CultureInfo culture) [0x00032] in <695d1cc93cca45069c528c15c9fdd749>:0 
   --- End of inner exception stack trace ---
  at System.Reflection.MonoMethod.Invoke (System.Object obj, System.Reflection.BindingFlags invokeAttr, System.Reflection.Binder binder, System.Object[] parameters, System.Globalization.CultureInfo culture) [0x00048] in <695d1cc93cca45069c528c15c9fdd749>:0 
  at System.Reflection.MethodBase.Invoke (System.Object obj, System.Object[] parameters) [0x00000] in <695d1cc93cca45069c528c15c9fdd749>:0 
  at UnityEditor.EditorAssemblies.ProcessInitializeOnLoadMethodAttributes () [0x00047] in <3371b3e2e5754acd87e600e068350da5>:0 
UnityEngine.StackTraceUtility:ExtractStackTrace ()
UnityEngine.DebugLogHandler:LogFormat (UnityEngine.LogType,UnityEngine.Object,string,object[])
UnityEngine.Logger:Log (UnityEngine.LogType,object)
UnityEngine.Debug:LogError (object)
UnityEditor.EditorAssemblies:ProcessInitializeOnLoadMethodAttributes ()

Mono: successfully reloaded assembly
- Completed reload, in  1.292 seconds
Domain Reload Profiling:
	ReloadAssembly (1293ms)
		BeginReloadAssembly (133ms)
			ExecutionOrderSort (0ms)
			DisableScriptedObjects (4ms)
			BackupInstance (0ms)
			ReleaseScriptingObjects (0ms)
			CreateAndSetChildDomain (18ms)
		EndReloadAssembly (1105ms)
			LoadAssemblies (100ms)
			RebuildTransferFunctionScriptingTraits (0ms)
			SetupTypeCache (324ms)
			ReleaseScriptCaches (1ms)
			RebuildScriptCaches (53ms)
			SetupLoadedEditorAssemblies (509ms)
				LogAssemblyErrors (0ms)
				InitializePlatformSupportModulesInManaged (3ms)
				SetLoadedEditorAssemblies (0ms)
				RefreshPlugins (81ms)
				BeforeProcessingInitializeOnLoad (119ms)
				ProcessInitializeOnLoadAttributes (271ms)
				ProcessInitializeOnLoadMethodAttributes (28ms)
				AfterProcessingInitializeOnLoad (7ms)
				EditorAssembliesLoaded (0ms)
			ExecutionOrderSort2 (0ms)
			AwakeInstancesAfterBackupRestoration (6ms)
Platform modules already initialized, skipping
========================================================================
Worker process is ready to serve import requests
Launched and connected shader compiler UnityShaderCompiler.exe after 0.07 seconds
Refreshing native plugins compatible for Editor in 1.54 ms, found 10 plugins.
Preloading 1 native plugins for Editor in 0.11 ms.
Unloading 3760 Unused Serialized files (Serialized files now loaded: 0)
System memory in use before: 157.1 MB.
System memory in use after: 157.3 MB.

Unloading 53 unused Assets to reduce memory usage. Loaded Objects now: 4171.
Total: 5.374500 ms (FindLiveObjects: 0.598400 ms CreateObjectMapping: 0.409600 ms MarkObjects: 4.262900 ms  DeleteObjects: 0.102900 ms)

AssetImportParameters requested are different than current active one (requested -> active):
  custom:framework-win-MediaFoundation: 216162199b28c13a410421893ffa2e32 -> 
  custom:video-decoder-ogg-theora: a1e56fd34408186e4bbccfd4996cb3dc -> 
  custom:container-muxer-webm: aa71ff27fc2769a1b78a27578f13a17b -> 
  custom:container-demuxer-webm: 4f35f7cbe854078d1ac9338744f61a02 -> 
  custom:container-demuxer-ogg: 62fdf1f143b41e24485cea50d1cbac27 -> 
  custom:video-encoder-webm-vp8: eb34c28f22e8b96e1ab97ce403110664 -> 
  custom:video-decoder-webm-vp8: 9c59270c3fd7afecdb556c50c9e8de78 -> 
  custom:audio-decoder-ogg-vorbis: bf7c407c2cedff20999df2af8eb42d56 -> 
  custom:audio-encoder-webm-vorbis: bf7c407c2cedff20999df2af8eb42d56 -> 
========================================================================
Received Import Request.
  path: Assets/Scenes
  artifactKey: Guid(f90aa65fdd8ed3e428cb1124d0fdac25) Importer(815301076,1909f56bfc062723c751e8b465ee728b)
Start importing Assets/Scenes using Guid(f90aa65fdd8ed3e428cb1124d0fdac25) Importer(815301076,1909f56bfc062723c751e8b465ee728b)  -> (artifact id: '3786f7377179ace4aab95037d50dbbe8') in 0.012590 seconds 
========================================================================
Received Import Request.
  Time since last request: 0.000211 seconds.
  path: Assets/Scenes/MainScene.unity
  artifactKey: Guid(85fc699ac36222a48a0f1e6e7b18af74) Importer(815301076,1909f56bfc062723c751e8b465ee728b)
Start importing Assets/Scenes/MainScene.unity using Guid(85fc699ac36222a48a0f1e6e7b18af74) Importer(815301076,1909f56bfc062723c751e8b465ee728b)  -> (artifact id: '138273cc064cfd72e8d4f877a8da52a1') in 0.006540 seconds 
========================================================================
Received Import Request.
  Time since last request: 34.094802 seconds.
  path: Assets/Meshes/Hand
  artifactKey: Guid(2512b5b4f397d7646b08e1722bd9faa5) Importer(815301076,1909f56bfc062723c751e8b465ee728b)
Start importing Assets/Meshes/Hand using Guid(2512b5b4f397d7646b08e1722bd9faa5) Importer(815301076,1909f56bfc062723c751e8b465ee728b)  -> (artifact id: '130c19267055917888a3974a56bff4f3') in 0.007592 seconds 
========================================================================
Received Import Request.
  Time since last request: 0.925216 seconds.
  path: Assets/Meshes/Hand/l_hand_skeletal_lowres.fbx
  artifactKey: Guid(ca20b3907ff1c794cb89c1ad2cce8282) Importer(815301076,1909f56bfc062723c751e8b465ee728b)
Start importing Assets/Meshes/Hand/l_hand_skeletal_lowres.fbx using Guid(ca20b3907ff1c794cb89c1ad2cce8282) Importer(815301076,1909f56bfc062723c751e8b465ee728b)  -> (artifact id: '9a8be833469a10796e5ff0d37cdeb1bf') in 0.117757 seconds 
========================================================================
Received Import Request.
  Time since last request: 4.672114 seconds.
  path: Assets/Meshes/Hand/r_hand_skeletal_lowres.fbx
  artifactKey: Guid(d0c255d07fd68f14b94e55d388e7e6bb) Importer(815301076,1909f56bfc062723c751e8b465ee728b)
Start importing Assets/Meshes/Hand/r_hand_skeletal_lowres.fbx using Guid(d0c255d07fd68f14b94e55d388e7e6bb) Importer(815301076,1909f56bfc062723c751e8b465ee728b)  -> (artifact id: '2380e1af345f97347ec0bd78c4b351c0') in 0.031798 seconds 
========================================================================
Received Import Request.
  Time since last request: 12.547594 seconds.
  path: Assets/Prefabs/Player
  artifactKey: Guid(ff00dad74bd58d149865592c2fc60cc9) Importer(815301076,1909f56bfc062723c751e8b465ee728b)
Start importing Assets/Prefabs/Player using Guid(ff00dad74bd58d149865592c2fc60cc9) Importer(815301076,1909f56bfc062723c751e8b465ee728b)  -> (artifact id: 'bea07e7707868470d345a28c4a2feb98') in 0.006207 seconds 
========================================================================
Received Import Request.
  Time since last request: 1.229233 seconds.
  path: Assets/Prefabs/Player/Left Hand.prefab
  artifactKey: Guid(a543ce027c5ec3a4788c4f633673c3de) Importer(815301076,1909f56bfc062723c751e8b465ee728b)
Start importing Assets/Prefabs/Player/Left Hand.prefab using Guid(a543ce027c5ec3a4788c4f633673c3de) Importer(815301076,1909f56bfc062723c751e8b465ee728b)  -> (artifact id: 'c57ac053f1a4b8d3d8a4aed68b5d568a') in 0.009896 seconds 
========================================================================
Received Import Request.
  Time since last request: 8.223290 seconds.
  path: Assets/Prefabs/Player/Right Hand.prefab
  artifactKey: Guid(534053b397750e74588f25f926e8da72) Importer(815301076,1909f56bfc062723c751e8b465ee728b)
Start importing Assets/Prefabs/Player/Right Hand.prefab using Guid(534053b397750e74588f25f926e8da72) Importer(815301076,1909f56bfc062723c751e8b465ee728b)  -> (artifact id: 'b8126e15e5d1a61cd902af0892d5d9c7') in 0.007992 seconds 
========================================================================
Received Import Request.
  Time since last request: 2.989505 seconds.
  path: Assets/Prefabs/Player/PlayerHands.prefab
  artifactKey: Guid(4bb385892f4a6394a8dc0be9ad38b5c2) Importer(815301076,1909f56bfc062723c751e8b465ee728b)
Start importing Assets/Prefabs/Player/PlayerHands.prefab using Guid(4bb385892f4a6394a8dc0be9ad38b5c2) Importer(815301076,1909f56bfc062723c751e8b465ee728b)  -> (artifact id: 'b2c0f6ba4e6f1b1ffad8194f48078f25') in 0.010348 seconds 
========================================================================
Received Import Request.
  Time since last request: 15.224151 seconds.
  path: Assets/Materials
  artifactKey: Guid(cb44439f34f94bb4c8d592644b84b31c) Importer(815301076,1909f56bfc062723c751e8b465ee728b)
Start importing Assets/Materials using Guid(cb44439f34f94bb4c8d592644b84b31c) Importer(815301076,1909f56bfc062723c751e8b465ee728b)  -> (artifact id: 'c1a179f9716b0e6bb5f7704d8670a73a') in 0.007380 seconds 
========================================================================
Received Import Request.
  Time since last request: 4.955071 seconds.
  path: Assets/Prefabs
  artifactKey: Guid(a200c5cd6f76ac04ba6ccc26bc3c86bf) Importer(815301076,1909f56bfc062723c751e8b465ee728b)
Start importing Assets/Prefabs using Guid(a200c5cd6f76ac04ba6ccc26bc3c86bf) Importer(815301076,1909f56bfc062723c751e8b465ee728b)  -> (artifact id: '2057bd2681ac6e6251514bfaaf527115') in 0.006739 seconds 
========================================================================
Received Import Request.
  Time since last request: 86.102413 seconds.
  path: Assets/Prefabs/Samples
  artifactKey: Guid(f023ba5035e5af446a8f00b7cdd3f661) Importer(815301076,1909f56bfc062723c751e8b465ee728b)
Start importing Assets/Prefabs/Samples using Guid(f023ba5035e5af446a8f00b7cdd3f661) Importer(815301076,1909f56bfc062723c751e8b465ee728b)  -> (artifact id: '99f719d2e88387effaefb4ead6050281') in 0.008575 seconds 
========================================================================
Received Import Request.
  Time since last request: 1.329471 seconds.
  path: Assets/Prefabs/URSection
  artifactKey: Guid(8afca98ac8a57e949a009f6fd76482b9) Importer(815301076,1909f56bfc062723c751e8b465ee728b)
Start importing Assets/Prefabs/URSection using Guid(8afca98ac8a57e949a009f6fd76482b9) Importer(815301076,1909f56bfc062723c751e8b465ee728b)  -> (artifact id: '8752cc9842671a1aeeeedefae0941251') in 0.007172 seconds 
========================================================================
Received Import Request.
  Time since last request: 461.686244 seconds.
  path: Assets/Prefabs/ComputerSection.prefab
  artifactKey: Guid(273bfb9981d93214f90eb342ec5ff13b) Importer(815301076,1909f56bfc062723c751e8b465ee728b)
Start importing Assets/Prefabs/ComputerSection.prefab using Guid(273bfb9981d93214f90eb342ec5ff13b) Importer(815301076,1909f56bfc062723c751e8b465ee728b)  -> (artifact id: '631c1d6d862a320c3d17fe63a46cf685') in 0.026892 seconds 
========================================================================
Received Import Request.
  Time since last request: 12.159688 seconds.
  path: Assets/Prefabs/ComputerSection
  artifactKey: Guid(35400e7b78913d441b6c742aafe8003b) Importer(815301076,1909f56bfc062723c751e8b465ee728b)
Start importing Assets/Prefabs/ComputerSection using Guid(35400e7b78913d441b6c742aafe8003b) Importer(815301076,1909f56bfc062723c751e8b465ee728b)  -> (artifact id: '846175189b951dd326c307a63813775b') in 0.002925 seconds 
========================================================================
Received Import Request.
  Time since last request: 270.485611 seconds.
  path: Assets/Oculus/Interaction/Runtime
  artifactKey: Guid(ad6228a9ccc92e448b26059dce70a6be) Importer(815301076,1909f56bfc062723c751e8b465ee728b)
Start importing Assets/Oculus/Interaction/Runtime using Guid(ad6228a9ccc92e448b26059dce70a6be) Importer(815301076,1909f56bfc062723c751e8b465ee728b)  -> (artifact id: 'c61255167fc6d6b43c2a7b27222fe5c0') in 0.006288 seconds 
========================================================================
Received Import Request.
  Time since last request: 0.842123 seconds.
  path: Assets/Oculus/Interaction/Runtime/Animations
  artifactKey: Guid(db583baa22f417146abd434b0213be9e) Importer(815301076,1909f56bfc062723c751e8b465ee728b)
Start importing Assets/Oculus/Interaction/Runtime/Animations using Guid(db583baa22f417146abd434b0213be9e) Importer(815301076,1909f56bfc062723c751e8b465ee728b)  -> (artifact id: 'c7b05e2cf821882924eac1c031af8266') in 0.006401 seconds 
========================================================================
Received Import Request.
  Time since last request: 1.568852 seconds.
  path: Assets/Oculus/Interaction/Runtime/Animations/Hands
  artifactKey: Guid(669386ac07a2c2f49b678016df2a7ca6) Importer(815301076,1909f56bfc062723c751e8b465ee728b)
Start importing Assets/Oculus/Interaction/Runtime/Animations/Hands using Guid(669386ac07a2c2f49b678016df2a7ca6) Importer(815301076,1909f56bfc062723c751e8b465ee728b)  -> (artifact id: '40b2e8e9c69bf0776dad4ad9610b0452') in 0.005940 seconds 
========================================================================
Received Import Request.
  Time since last request: 12.474277 seconds.
  path: Assets/Oculus/Interaction/Runtime/Meshes
  artifactKey: Guid(2e8560506c00f6e41959b012cb2ec41a) Importer(815301076,1909f56bfc062723c751e8b465ee728b)
Start importing Assets/Oculus/Interaction/Runtime/Meshes using Guid(2e8560506c00f6e41959b012cb2ec41a) Importer(815301076,1909f56bfc062723c751e8b465ee728b)  -> (artifact id: '8409e72b316dd54b7c29ba1a63b79c46') in 0.005784 seconds 
========================================================================
Received Import Request.
  Time since last request: 1.184071 seconds.
  path: Assets/Oculus/Interaction/Runtime/Meshes/HandRight.asset
  artifactKey: Guid(9e4109dbfa83c074d8cc6752d94eed89) Importer(815301076,1909f56bfc062723c751e8b465ee728b)
Start importing Assets/Oculus/Interaction/Runtime/Meshes/HandRight.asset using Guid(9e4109dbfa83c074d8cc6752d94eed89) Importer(815301076,1909f56bfc062723c751e8b465ee728b)  -> (artifact id: '33275ac58021ae9fee22391fe5ef0cc2') in 0.017516 seconds 
========================================================================
Received Import Request.
  Time since last request: 1.144158 seconds.
  path: Assets/Oculus/Interaction/Runtime/Meshes/HandLeft.asset
  artifactKey: Guid(d62eb29994855484da750dff41b8b018) Importer(815301076,1909f56bfc062723c751e8b465ee728b)
Start importing Assets/Oculus/Interaction/Runtime/Meshes/HandLeft.asset using Guid(d62eb29994855484da750dff41b8b018) Importer(815301076,1909f56bfc062723c751e8b465ee728b)  -> (artifact id: 'e3fd37ce22d82f6e72d3ebbf35ddcd7e') in 0.016396 seconds 
========================================================================
Received Import Request.
  Time since last request: 16.455401 seconds.
  path: Assets/Oculus/VR/Meshes/HandTracking
  artifactKey: Guid(2351ce5621709f649877ae8b768dff34) Importer(815301076,1909f56bfc062723c751e8b465ee728b)
Start importing Assets/Oculus/VR/Meshes/HandTracking using Guid(2351ce5621709f649877ae8b768dff34) Importer(815301076,1909f56bfc062723c751e8b465ee728b)  -> (artifact id: 'c43c9cff757fe2bff106d1313482bca9') in 0.006418 seconds 
========================================================================
Received Import Request.
  Time since last request: 17.599058 seconds.
  path: Assets/Oculus/VR/Meshes/OculusTouchForQuest2
  artifactKey: Guid(ba23c36ea16dd114fa00c8030cd603b8) Importer(815301076,1909f56bfc062723c751e8b465ee728b)
Start importing Assets/Oculus/VR/Meshes/OculusTouchForQuest2 using Guid(ba23c36ea16dd114fa00c8030cd603b8) Importer(815301076,1909f56bfc062723c751e8b465ee728b)  -> (artifact id: 'bb6c0d083b5af0f3393e4f1832a54f7c') in 0.008129 seconds 
========================================================================
Received Import Request.
  Time since last request: 6.990920 seconds.
  path: Assets/Meshes
  artifactKey: Guid(9e9a1cd2dd641494b83cf7ae259d3373) Importer(815301076,1909f56bfc062723c751e8b465ee728b)
Start importing Assets/Meshes using Guid(9e9a1cd2dd641494b83cf7ae259d3373) Importer(815301076,1909f56bfc062723c751e8b465ee728b)  -> (artifact id: '76e0da88d425b73e32b78770f171e69d') in 0.002769 seconds 
========================================================================
Received Import Request.
  Time since last request: 31.821756 seconds.
  path: Assets/Oculus/Interaction
  artifactKey: Guid(95e7b24ef7a96254cae22a7b682f4dd4) Importer(815301076,1909f56bfc062723c751e8b465ee728b)
Start importing Assets/Oculus/Interaction using Guid(95e7b24ef7a96254cae22a7b682f4dd4) Importer(815301076,1909f56bfc062723c751e8b465ee728b)  -> (artifact id: '9e0869d0f891dc4f588bca48f00f49c6') in 0.006427 seconds 
========================================================================
Received Import Request.
  Time since last request: 11.728199 seconds.
  path: Assets/Meshes/HandTracking/OculusHand_R.fbx
  artifactKey: Guid(88e2e1bfe11ec6c438b0ade27eaeded1) Importer(815301076,1909f56bfc062723c751e8b465ee728b)
Start importing Assets/Meshes/HandTracking/OculusHand_R.fbx using Guid(88e2e1bfe11ec6c438b0ade27eaeded1) Importer(815301076,1909f56bfc062723c751e8b465ee728b)  -> (artifact id: '909c6416a03ce375195ed70bad7038eb') in 0.046137 seconds 
========================================================================
Received Import Request.
  Time since last request: 1.294014 seconds.
  path: Assets/Meshes/HandTracking/OculusHand_L.fbx
  artifactKey: Guid(442d5b4503ed83c4897ef44659446587) Importer(815301076,1909f56bfc062723c751e8b465ee728b)
Start importing Assets/Meshes/HandTracking/OculusHand_L.fbx using Guid(442d5b4503ed83c4897ef44659446587) Importer(815301076,1909f56bfc062723c751e8b465ee728b)  -> (artifact id: '01bc3df6b927caf628775600998d0208') in 0.037756 seconds 
========================================================================
Received Import Request.
  Time since last request: 26.443492 seconds.
  path: Assets/Meshes/Hand/Animations
  artifactKey: Guid(01d8b9ea3bf964e4580926a339e66221) Importer(815301076,1909f56bfc062723c751e8b465ee728b)
Start importing Assets/Meshes/Hand/Animations using Guid(01d8b9ea3bf964e4580926a339e66221) Importer(815301076,1909f56bfc062723c751e8b465ee728b)  -> (artifact id: 'f1849a587f98fe3439f5875ba1c207ac') in 0.002917 seconds 
========================================================================
Received Import Request.
  Time since last request: 2.395781 seconds.
  path: Assets/Meshes/OculusTouchForQuest2/Materials
  artifactKey: Guid(b444df89af4e85a4bb475195ea2786c2) Importer(815301076,1909f56bfc062723c751e8b465ee728b)
Start importing Assets/Meshes/OculusTouchForQuest2/Materials using Guid(b444df89af4e85a4bb475195ea2786c2) Importer(815301076,1909f56bfc062723c751e8b465ee728b)  -> (artifact id: '7f7e59e0142552fc7c861fd2f94925c0') in 0.002444 seconds 
========================================================================
Received Import Request.
  Time since last request: 83.729776 seconds.
  path: Assets/Prefabs/TurtleSection
  artifactKey: Guid(aceddd6647b882e40a06dd0d4d947908) Importer(815301076,1909f56bfc062723c751e8b465ee728b)
Start importing Assets/Prefabs/TurtleSection using Guid(aceddd6647b882e40a06dd0d4d947908) Importer(815301076,1909f56bfc062723c751e8b465ee728b)  -> (artifact id: 'f72ff2adad556a92b147f80d6b839094') in 0.006170 seconds 
========================================================================
Received Import Request.
  Time since last request: 10.703334 seconds.
  path: Assets/Prefabs/TurtleSection/TurtleSection.prefab
  artifactKey: Guid(369a4c326614a5e4f83c92a682f8e070) Importer(815301076,1909f56bfc062723c751e8b465ee728b)
Start importing Assets/Prefabs/TurtleSection/TurtleSection.prefab using Guid(369a4c326614a5e4f83c92a682f8e070) Importer(815301076,1909f56bfc062723c751e8b465ee728b)  -> (artifact id: 'a1e25d2d19ddadb1403dcf30200fd9fc') in 0.014414 seconds 
========================================================================
Received Import Request.
  Time since last request: 19.939727 seconds.
  path: Assets/Scenes/URScene.unity
  artifactKey: Guid(bc5c7fcccf998624896f46983479f8ae) Importer(815301076,1909f56bfc062723c751e8b465ee728b)
Start importing Assets/Scenes/URScene.unity using Guid(bc5c7fcccf998624896f46983479f8ae) Importer(815301076,1909f56bfc062723c751e8b465ee728b)  -> (artifact id: '9a510cd62c43e143880c22d824374d1e') in 0.006158 seconds 
AssetImportWorkerClient::OnTransportError - code=2 error=End of file
